<?xml version="1.0" encoding="UTF-8" ?>
<testsuites>
  <testsuite errors="0" failures="0" hostname="mercury.local" id="0" name="RunCukesTest" package="cuke" tests="12" time="21.977" timestamp="2013-06-18T14:05:49">
      <properties>
[...]
</properties>

      <testcase classname="Scenario: Search and check" name="Given I am on Google UK front page" time="0.0020" />

      <testcase classname="Scenario: Search and check" name="When I search for thirstybear" time="0.0" />

      <testcase classname="Scenario: Search and check" name="Then my website is the top hit" time="0.0" />

      <testcase classname="junit.framework.TestSuite" name="Scenario: Search and check" time="0.0" />

      <testcase classname="Scenario: Arbitrary second test" name="Given I am on Google UK front page" time="0.0" />

      <testcase classname="Scenario: Arbitrary second test" name="When I search for thirstybear" time="0.0" />

      <testcase classname="Scenario: Arbitrary second test" name="Then my website is the top hit" time="0.0" />

      <testcase classname="junit.framework.TestSuite" name="Scenario: Arbitrary second test" time="0.0" />

      <system-out><![CDATA[
]]></system-out>

      <system-err><![CDATA[]]></system-err>

  </testsuite>
</testsuites>
